21/05/21 (23:59:56) | ERROR: '++default' is not in list
Traceback (most recent call last):
  File "/usr/bin/bpytop", line 5645, in main
    run()
  File "/usr/bin/bpytop", line 5639, in run
    process_keys()
  File "/usr/bin/bpytop", line 5390, in process_keys
    Menu.main()
  File "/usr/bin/bpytop", line 4068, in main
    cls.options()
  File "/usr/bin/bpytop", line 4631, in options
    color_i = list(Theme.themes).index(THEME.current)
ValueError: '++default' is not in list
21/05/21 (23:59:56) | WARNING: Exiting with errorcode (1). Runtime 0:00:28 

22/05/21 (00:00:48) | WARNING: No theme named "+dracula" found!
22/05/21 (00:01:00) | WARNING: No theme named "+dracula" found!
22/05/21 (00:01:21) | WARNING: No theme named "+dracula" found!
22/05/21 (00:05:18) | WARNING: No theme named "+dracula" found!
22/05/21 (00:08:18) | WARNING: No theme named "+dracula" found!
22/05/21 (00:09:42) | WARNING: No theme named "+dracula" found!
22/05/21 (12:39:54) | WARNING: No theme named "+dracula" found!
22/05/21 (12:41:09) | WARNING: No theme named "mine" found!
22/05/21 (12:41:24) | WARNING: No theme named "mine" found!
16/07/21 (15:02:58) | ERROR: Input thread failed with exception: (5, 'Input/output error')
Traceback (most recent call last):
  File "/usr/bin/bpytop", line 985, in _get_key
    input_key = ""
  File "/usr/bin/bpytop", line 778, in __exit__
    termios.tcsetattr(self.stream, termios.TCSANOW, self.original_stty)
termios.error: (5, 'Input/output error')
